{"/Users/knutator/Development/tu-berlin/masterthesis/twitter-story/app.js":{"path":"/Users/knutator/Development/tu-berlin/masterthesis/twitter-story/app.js","s":{"1":1,"2":1,"3":1,"4":1,"5":1,"6":1,"7":1,"8":1,"9":1,"10":1,"11":1,"12":1,"13":1,"14":1,"15":1,"16":1,"17":1,"18":1,"19":1,"20":1,"21":1,"22":2,"23":0,"24":1,"25":0,"26":0,"27":0,"28":1,"29":1,"30":2,"31":2,"32":1,"33":0,"34":0,"35":1},"b":{"1":[1,0],"2":[2,2],"3":[0,0]},"f":{"1":2,"2":0,"3":2,"4":0},"fnMap":{"1":{"name":"(anonymous_1)","line":30,"loc":{"start":{"line":30,"column":8},"end":{"line":30,"column":23}}},"2":{"name":"(anonymous_2)","line":38,"loc":{"start":{"line":38,"column":8},"end":{"line":38,"column":34}}},"3":{"name":"(anonymous_3)","line":49,"loc":{"start":{"line":49,"column":12},"end":{"line":49,"column":43}}},"4":{"name":"(anonymous_4)","line":60,"loc":{"start":{"line":60,"column":8},"end":{"line":60,"column":39}}}},"statementMap":{"1":{"start":{"line":1,"column":0},"end":{"line":1,"column":33}},"2":{"start":{"line":2,"column":0},"end":{"line":2,"column":27}},"3":{"start":{"line":3,"column":0},"end":{"line":3,"column":39}},"4":{"start":{"line":4,"column":0},"end":{"line":4,"column":31}},"5":{"start":{"line":5,"column":0},"end":{"line":5,"column":44}},"6":{"start":{"line":6,"column":0},"end":{"line":6,"column":40}},"7":{"start":{"line":8,"column":0},"end":{"line":8,"column":39}},"8":{"start":{"line":9,"column":0},"end":{"line":9,"column":37}},"9":{"start":{"line":10,"column":0},"end":{"line":10,"column":39}},"10":{"start":{"line":12,"column":0},"end":{"line":12,"column":20}},"11":{"start":{"line":15,"column":0},"end":{"line":15,"column":48}},"12":{"start":{"line":16,"column":0},"end":{"line":16,"column":31}},"13":{"start":{"line":20,"column":0},"end":{"line":20,"column":23}},"14":{"start":{"line":21,"column":0},"end":{"line":21,"column":27}},"15":{"start":{"line":22,"column":0},"end":{"line":22,"column":50}},"16":{"start":{"line":23,"column":0},"end":{"line":23,"column":24}},"17":{"start":{"line":24,"column":0},"end":{"line":24,"column":56}},"18":{"start":{"line":26,"column":0},"end":{"line":26,"column":21}},"19":{"start":{"line":27,"column":0},"end":{"line":27,"column":25}},"20":{"start":{"line":28,"column":0},"end":{"line":28,"column":26}},"21":{"start":{"line":30,"column":0},"end":{"line":33,"column":3}},"22":{"start":{"line":31,"column":4},"end":{"line":31,"column":40}},"23":{"start":{"line":32,"column":4},"end":{"line":32,"column":15}},"24":{"start":{"line":38,"column":0},"end":{"line":42,"column":3}},"25":{"start":{"line":39,"column":4},"end":{"line":39,"column":37}},"26":{"start":{"line":40,"column":4},"end":{"line":40,"column":21}},"27":{"start":{"line":41,"column":4},"end":{"line":41,"column":14}},"28":{"start":{"line":48,"column":0},"end":{"line":56,"column":1}},"29":{"start":{"line":49,"column":4},"end":{"line":55,"column":7}},"30":{"start":{"line":50,"column":8},"end":{"line":50,"column":38}},"31":{"start":{"line":51,"column":8},"end":{"line":54,"column":11}},"32":{"start":{"line":60,"column":0},"end":{"line":66,"column":3}},"33":{"start":{"line":61,"column":4},"end":{"line":61,"column":34}},"34":{"start":{"line":62,"column":4},"end":{"line":65,"column":7}},"35":{"start":{"line":68,"column":0},"end":{"line":68,"column":21}}},"branchMap":{"1":{"line":48,"type":"if","locations":[{"start":{"line":48,"column":0},"end":{"line":48,"column":0}},{"start":{"line":48,"column":0},"end":{"line":48,"column":0}}]},"2":{"line":50,"type":"binary-expr","locations":[{"start":{"line":50,"column":19},"end":{"line":50,"column":29}},{"start":{"line":50,"column":33},"end":{"line":50,"column":36}}]},"3":{"line":61,"type":"binary-expr","locations":[{"start":{"line":61,"column":15},"end":{"line":61,"column":25}},{"start":{"line":61,"column":29},"end":{"line":61,"column":32}}]}}},"/Users/knutator/Development/tu-berlin/masterthesis/twitter-story/routes/index.js":{"path":"/Users/knutator/Development/tu-berlin/masterthesis/twitter-story/routes/index.js","s":{"1":1,"2":1,"3":1,"4":0,"5":1,"6":0,"7":1,"8":0,"9":1,"10":0,"11":1,"12":0,"13":1,"14":0,"15":1,"16":0,"17":1,"18":0,"19":1},"b":{},"f":{"1":0,"2":0,"3":0,"4":0,"5":0,"6":0,"7":0,"8":0},"fnMap":{"1":{"name":"(anonymous_1)","line":6,"loc":{"start":{"line":6,"column":16},"end":{"line":6,"column":36}}},"2":{"name":"(anonymous_2)","line":10,"loc":{"start":{"line":10,"column":21},"end":{"line":10,"column":41}}},"3":{"name":"(anonymous_3)","line":16,"loc":{"start":{"line":16,"column":23},"end":{"line":16,"column":43}}},"4":{"name":"(anonymous_4)","line":22,"loc":{"start":{"line":22,"column":34},"end":{"line":22,"column":53}}},"5":{"name":"(anonymous_5)","line":26,"loc":{"start":{"line":26,"column":32},"end":{"line":26,"column":51}}},"6":{"name":"(anonymous_6)","line":30,"loc":{"start":{"line":30,"column":35},"end":{"line":30,"column":54}}},"7":{"name":"(anonymous_7)","line":34,"loc":{"start":{"line":34,"column":32},"end":{"line":34,"column":51}}},"8":{"name":"(anonymous_8)","line":38,"loc":{"start":{"line":38,"column":32},"end":{"line":38,"column":51}}}},"statementMap":{"1":{"start":{"line":1,"column":0},"end":{"line":1,"column":33}},"2":{"start":{"line":2,"column":0},"end":{"line":2,"column":30}},"3":{"start":{"line":6,"column":0},"end":{"line":8,"column":3}},"4":{"start":{"line":7,"column":4},"end":{"line":7,"column":44}},"5":{"start":{"line":10,"column":0},"end":{"line":12,"column":3}},"6":{"start":{"line":11,"column":4},"end":{"line":11,"column":44}},"7":{"start":{"line":16,"column":0},"end":{"line":18,"column":3}},"8":{"start":{"line":17,"column":4},"end":{"line":17,"column":46}},"9":{"start":{"line":22,"column":0},"end":{"line":24,"column":3}},"10":{"start":{"line":23,"column":4},"end":{"line":23,"column":36}},"11":{"start":{"line":26,"column":0},"end":{"line":28,"column":3}},"12":{"start":{"line":27,"column":4},"end":{"line":27,"column":34}},"13":{"start":{"line":30,"column":0},"end":{"line":32,"column":3}},"14":{"start":{"line":31,"column":4},"end":{"line":31,"column":38}},"15":{"start":{"line":34,"column":0},"end":{"line":36,"column":3}},"16":{"start":{"line":35,"column":4},"end":{"line":35,"column":35}},"17":{"start":{"line":38,"column":0},"end":{"line":40,"column":3}},"18":{"start":{"line":39,"column":4},"end":{"line":39,"column":35}},"19":{"start":{"line":42,"column":0},"end":{"line":42,"column":24}}},"branchMap":{}},"/Users/knutator/Development/tu-berlin/masterthesis/twitter-story/routes/user.js":{"path":"/Users/knutator/Development/tu-berlin/masterthesis/twitter-story/routes/user.js","s":{"1":1,"2":1,"3":1,"4":0,"5":1},"b":{},"f":{"1":0},"fnMap":{"1":{"name":"(anonymous_1)","line":5,"loc":{"start":{"line":5,"column":16},"end":{"line":5,"column":41}}}},"statementMap":{"1":{"start":{"line":1,"column":0},"end":{"line":1,"column":33}},"2":{"start":{"line":2,"column":0},"end":{"line":2,"column":30}},"3":{"start":{"line":5,"column":0},"end":{"line":7,"column":3}},"4":{"start":{"line":6,"column":2},"end":{"line":6,"column":38}},"5":{"start":{"line":9,"column":0},"end":{"line":9,"column":24}}},"branchMap":{}},"/Users/knutator/Development/tu-berlin/masterthesis/twitter-story/routes/track.js":{"path":"/Users/knutator/Development/tu-berlin/masterthesis/twitter-story/routes/track.js","s":{"1":1,"2":1,"3":1,"4":1,"5":1,"6":1,"7":3,"8":3,"9":3,"10":1,"11":1,"12":1,"13":0,"14":0,"15":0,"16":0,"17":0,"18":0,"19":0,"20":0,"21":1},"b":{"1":[0,0]},"f":{"1":3,"2":1,"3":0},"fnMap":{"1":{"name":"(anonymous_1)","line":14,"loc":{"start":{"line":14,"column":18},"end":{"line":14,"column":43}}},"2":{"name":"(anonymous_2)","line":20,"loc":{"start":{"line":20,"column":16},"end":{"line":20,"column":35}}},"3":{"name":"(anonymous_3)","line":25,"loc":{"start":{"line":25,"column":30},"end":{"line":25,"column":49}}}},"statementMap":{"1":{"start":{"line":1,"column":0},"end":{"line":1,"column":33}},"2":{"start":{"line":2,"column":0},"end":{"line":2,"column":30}},"3":{"start":{"line":3,"column":0},"end":{"line":3,"column":43}},"4":{"start":{"line":4,"column":0},"end":{"line":4,"column":55}},"5":{"start":{"line":6,"column":0},"end":{"line":11,"column":43}},"6":{"start":{"line":14,"column":1},"end":{"line":18,"column":4}},"7":{"start":{"line":15,"column":5},"end":{"line":15,"column":52}},"8":{"start":{"line":16,"column":5},"end":{"line":16,"column":31}},"9":{"start":{"line":17,"column":5},"end":{"line":17,"column":12}},"10":{"start":{"line":20,"column":0},"end":{"line":23,"column":3}},"11":{"start":{"line":21,"column":4},"end":{"line":21,"column":56}},"12":{"start":{"line":25,"column":0},"end":{"line":38,"column":3}},"13":{"start":{"line":26,"column":4},"end":{"line":26,"column":40}},"14":{"start":{"line":27,"column":4},"end":{"line":27,"column":36}},"15":{"start":{"line":28,"column":4},"end":{"line":36,"column":6}},"16":{"start":{"line":29,"column":8},"end":{"line":29,"column":73}},"17":{"start":{"line":30,"column":8},"end":{"line":30,"column":61}},"18":{"start":{"line":32,"column":8},"end":{"line":32,"column":51}},"19":{"start":{"line":33,"column":8},"end":{"line":33,"column":88}},"20":{"start":{"line":35,"column":8},"end":{"line":35,"column":64}},"21":{"start":{"line":42,"column":0},"end":{"line":42,"column":24}}},"branchMap":{"1":{"line":28,"type":"if","locations":[{"start":{"line":28,"column":4},"end":{"line":28,"column":4}},{"start":{"line":28,"column":4},"end":{"line":28,"column":4}}]}}},"/Users/knutator/Development/tu-berlin/masterthesis/twitter-story/modules/twitter-capture.js":{"path":"/Users/knutator/Development/tu-berlin/masterthesis/twitter-story/modules/twitter-capture.js","s":{"1":1,"2":1,"3":6,"4":6,"5":6,"6":6,"7":0,"8":0,"9":6,"10":6,"11":4,"12":2,"13":1,"14":2,"15":2,"16":2,"17":2,"18":2,"19":4,"20":6,"21":9,"22":9,"23":9,"24":9,"25":12,"26":9,"27":9,"28":6,"29":0,"30":0,"31":1,"32":2,"33":2,"34":2,"35":2,"36":2,"37":2,"38":0,"39":1,"40":0,"41":1,"42":3,"43":3,"44":3,"45":3,"46":2,"47":2,"48":0,"49":2,"50":1,"51":2,"52":1},"b":{"1":[0,6],"2":[0,0],"3":[4,2],"4":[9,0],"5":[0,2],"6":[3,0],"7":[3,1],"8":[2,0],"9":[0,2]},"f":{"1":6,"2":6,"3":2,"4":2,"5":9,"6":9,"7":12,"8":0,"9":2,"10":2,"11":0,"12":3,"13":2,"14":2},"fnMap":{"1":{"name":"(anonymous_1)","line":3,"loc":{"start":{"line":3,"column":20},"end":{"line":3,"column":50}}},"2":{"name":"(anonymous_2)","line":7,"loc":{"start":{"line":7,"column":28},"end":{"line":7,"column":47}}},"3":{"name":"setup","line":20,"loc":{"start":{"line":20,"column":4},"end":{"line":20,"column":21}}},"4":{"name":"(anonymous_4)","line":21,"loc":{"start":{"line":21,"column":23},"end":{"line":21,"column":47}}},"5":{"name":"(anonymous_5)","line":32,"loc":{"start":{"line":32,"column":29},"end":{"line":32,"column":46}}},"6":{"name":"(anonymous_6)","line":35,"loc":{"start":{"line":35,"column":50},"end":{"line":35,"column":71}}},"7":{"name":"(anonymous_7)","line":38,"loc":{"start":{"line":38,"column":44},"end":{"line":38,"column":58}}},"8":{"name":"(anonymous_8)","line":46,"loc":{"start":{"line":46,"column":29},"end":{"line":46,"column":46}}},"9":{"name":"(anonymous_9)","line":52,"loc":{"start":{"line":52,"column":37},"end":{"line":52,"column":63}}},"10":{"name":"(anonymous_10)","line":63,"loc":{"start":{"line":63,"column":7},"end":{"line":63,"column":22}}},"11":{"name":"(anonymous_11)","line":70,"loc":{"start":{"line":70,"column":36},"end":{"line":70,"column":52}}},"12":{"name":"(anonymous_12)","line":74,"loc":{"start":{"line":74,"column":30},"end":{"line":74,"column":69}}},"13":{"name":"(anonymous_13)","line":78,"loc":{"start":{"line":78,"column":47},"end":{"line":78,"column":68}}},"14":{"name":"(anonymous_14)","line":88,"loc":{"start":{"line":88,"column":36},"end":{"line":88,"column":49}}}},"statementMap":{"1":{"start":{"line":1,"column":0},"end":{"line":1,"column":49}},"2":{"start":{"line":3,"column":0},"end":{"line":50,"column":2}},"3":{"start":{"line":4,"column":4},"end":{"line":4,"column":20}},"4":{"start":{"line":5,"column":4},"end":{"line":5,"column":27}},"5":{"start":{"line":7,"column":4},"end":{"line":18,"column":7}},"6":{"start":{"line":8,"column":8},"end":{"line":17,"column":9}},"7":{"start":{"line":9,"column":12},"end":{"line":9,"column":34}},"8":{"start":{"line":9,"column":23},"end":{"line":9,"column":34}},"9":{"start":{"line":12,"column":12},"end":{"line":12,"column":25}},"10":{"start":{"line":13,"column":12},"end":{"line":16,"column":24}},"11":{"start":{"line":14,"column":16},"end":{"line":14,"column":24}},"12":{"start":{"line":16,"column":16},"end":{"line":16,"column":24}},"13":{"start":{"line":20,"column":4},"end":{"line":30,"column":5}},"14":{"start":{"line":21,"column":8},"end":{"line":29,"column":10}},"15":{"start":{"line":22,"column":12},"end":{"line":22,"column":38}},"16":{"start":{"line":23,"column":12},"end":{"line":23,"column":32}},"17":{"start":{"line":24,"column":12},"end":{"line":28,"column":13}},"18":{"start":{"line":25,"column":16},"end":{"line":27,"column":17}},"19":{"start":{"line":26,"column":20},"end":{"line":26,"column":60}},"20":{"start":{"line":32,"column":4},"end":{"line":44,"column":7}},"21":{"start":{"line":35,"column":8},"end":{"line":43,"column":11}},"22":{"start":{"line":36,"column":12},"end":{"line":42,"column":13}},"23":{"start":{"line":37,"column":16},"end":{"line":37,"column":42}},"24":{"start":{"line":38,"column":16},"end":{"line":41,"column":17}},"25":{"start":{"line":38,"column":59},"end":{"line":38,"column":116}},"26":{"start":{"line":39,"column":20},"end":{"line":39,"column":74}},"27":{"start":{"line":40,"column":20},"end":{"line":40,"column":45}},"28":{"start":{"line":46,"column":4},"end":{"line":49,"column":6}},"29":{"start":{"line":47,"column":8},"end":{"line":47,"column":83}},"30":{"start":{"line":48,"column":8},"end":{"line":48,"column":27}},"31":{"start":{"line":52,"column":0},"end":{"line":68,"column":2}},"32":{"start":{"line":53,"column":4},"end":{"line":55,"column":5}},"33":{"start":{"line":54,"column":8},"end":{"line":54,"column":40}},"34":{"start":{"line":57,"column":4},"end":{"line":57,"column":29}},"35":{"start":{"line":58,"column":4},"end":{"line":58,"column":48}},"36":{"start":{"line":60,"column":4},"end":{"line":67,"column":7}},"37":{"start":{"line":64,"column":8},"end":{"line":66,"column":9}},"38":{"start":{"line":65,"column":12},"end":{"line":65,"column":83}},"39":{"start":{"line":70,"column":0},"end":{"line":72,"column":2}},"40":{"start":{"line":71,"column":4},"end":{"line":71,"column":31}},"41":{"start":{"line":74,"column":0},"end":{"line":86,"column":2}},"42":{"start":{"line":75,"column":4},"end":{"line":75,"column":24}},"43":{"start":{"line":76,"column":4},"end":{"line":76,"column":34}},"44":{"start":{"line":77,"column":4},"end":{"line":77,"column":46}},"45":{"start":{"line":78,"column":4},"end":{"line":85,"column":7}},"46":{"start":{"line":79,"column":8},"end":{"line":84,"column":9}},"47":{"start":{"line":80,"column":12},"end":{"line":82,"column":13}},"48":{"start":{"line":81,"column":16},"end":{"line":81,"column":35}},"49":{"start":{"line":83,"column":12},"end":{"line":83,"column":27}},"50":{"start":{"line":88,"column":0},"end":{"line":90,"column":2}},"51":{"start":{"line":89,"column":4},"end":{"line":89,"column":41}},"52":{"start":{"line":92,"column":0},"end":{"line":92,"column":31}}},"branchMap":{"1":{"line":8,"type":"if","locations":[{"start":{"line":8,"column":8},"end":{"line":8,"column":8}},{"start":{"line":8,"column":8},"end":{"line":8,"column":8}}]},"2":{"line":9,"type":"if","locations":[{"start":{"line":9,"column":12},"end":{"line":9,"column":12}},{"start":{"line":9,"column":12},"end":{"line":9,"column":12}}]},"3":{"line":13,"type":"if","locations":[{"start":{"line":13,"column":12},"end":{"line":13,"column":12}},{"start":{"line":13,"column":12},"end":{"line":13,"column":12}}]},"4":{"line":38,"type":"if","locations":[{"start":{"line":38,"column":16},"end":{"line":38,"column":16}},{"start":{"line":38,"column":16},"end":{"line":38,"column":16}}]},"5":{"line":64,"type":"if","locations":[{"start":{"line":64,"column":8},"end":{"line":64,"column":8}},{"start":{"line":64,"column":8},"end":{"line":64,"column":8}}]},"6":{"line":75,"type":"binary-expr","locations":[{"start":{"line":75,"column":12},"end":{"line":75,"column":17}},{"start":{"line":75,"column":21},"end":{"line":75,"column":23}}]},"7":{"line":76,"type":"binary-expr","locations":[{"start":{"line":76,"column":17},"end":{"line":76,"column":27}},{"start":{"line":76,"column":31},"end":{"line":76,"column":33}}]},"8":{"line":79,"type":"if","locations":[{"start":{"line":79,"column":8},"end":{"line":79,"column":8}},{"start":{"line":79,"column":8},"end":{"line":79,"column":8}}]},"9":{"line":80,"type":"if","locations":[{"start":{"line":80,"column":12},"end":{"line":80,"column":12}},{"start":{"line":80,"column":12},"end":{"line":80,"column":12}}]}}}}