TN:
SF:/Users/knutator/Development/tu-berlin/masterthesis/twitter-story/app.js
FN:30,(anonymous_1)
FN:38,(anonymous_2)
FN:49,(anonymous_3)
FN:60,(anonymous_4)
FNF:4
FNH:2
FNDA:2,(anonymous_1)
FNDA:0,(anonymous_2)
FNDA:2,(anonymous_3)
FNDA:0,(anonymous_4)
DA:1,1
DA:2,1
DA:3,1
DA:4,1
DA:5,1
DA:6,1
DA:8,1
DA:9,1
DA:10,1
DA:12,1
DA:15,1
DA:16,1
DA:20,1
DA:21,1
DA:22,1
DA:23,1
DA:24,1
DA:26,1
DA:27,1
DA:28,1
DA:30,1
DA:31,2
DA:32,0
DA:38,1
DA:39,0
DA:40,0
DA:41,0
DA:48,1
DA:49,1
DA:50,2
DA:51,2
DA:60,1
DA:61,0
DA:62,0
DA:68,1
LF:35
LH:29
BRDA:48,1,0,1
BRDA:48,1,1,0
BRDA:50,2,0,2
BRDA:50,2,1,2
BRDA:61,3,0,0
BRDA:61,3,1,0
BRF:6
BRH:3
end_of_record
TN:
SF:/Users/knutator/Development/tu-berlin/masterthesis/twitter-story/routes/index.js
FN:6,(anonymous_1)
FN:10,(anonymous_2)
FN:16,(anonymous_3)
FN:22,(anonymous_4)
FN:26,(anonymous_5)
FN:30,(anonymous_6)
FN:34,(anonymous_7)
FN:38,(anonymous_8)
FNF:8
FNH:0
FNDA:0,(anonymous_1)
FNDA:0,(anonymous_2)
FNDA:0,(anonymous_3)
FNDA:0,(anonymous_4)
FNDA:0,(anonymous_5)
FNDA:0,(anonymous_6)
FNDA:0,(anonymous_7)
FNDA:0,(anonymous_8)
DA:1,1
DA:2,1
DA:6,1
DA:7,0
DA:10,1
DA:11,0
DA:16,1
DA:17,0
DA:22,1
DA:23,0
DA:26,1
DA:27,0
DA:30,1
DA:31,0
DA:34,1
DA:35,0
DA:38,1
DA:39,0
DA:42,1
LF:19
LH:11
BRF:0
BRH:0
end_of_record
TN:
SF:/Users/knutator/Development/tu-berlin/masterthesis/twitter-story/routes/user.js
FN:5,(anonymous_1)
FNF:1
FNH:0
FNDA:0,(anonymous_1)
DA:1,1
DA:2,1
DA:5,1
DA:6,0
DA:9,1
LF:5
LH:4
BRF:0
BRH:0
end_of_record
TN:
SF:/Users/knutator/Development/tu-berlin/masterthesis/twitter-story/routes/track.js
FN:14,(anonymous_1)
FN:20,(anonymous_2)
FN:25,(anonymous_3)
FNF:3
FNH:2
FNDA:3,(anonymous_1)
FNDA:1,(anonymous_2)
FNDA:0,(anonymous_3)
DA:1,1
DA:2,1
DA:3,1
DA:4,1
DA:6,1
DA:14,1
DA:15,3
DA:16,3
DA:17,3
DA:20,1
DA:21,1
DA:25,1
DA:26,0
DA:27,0
DA:28,0
DA:29,0
DA:30,0
DA:32,0
DA:33,0
DA:35,0
DA:42,1
LF:21
LH:13
BRDA:28,1,0,0
BRDA:28,1,1,0
BRF:2
BRH:0
end_of_record
TN:
SF:/Users/knutator/Development/tu-berlin/masterthesis/twitter-story/modules/twitter-capture.js
FN:3,(anonymous_1)
FN:7,(anonymous_2)
FN:20,setup
FN:21,(anonymous_4)
FN:32,(anonymous_5)
FN:35,(anonymous_6)
FN:38,(anonymous_7)
FN:46,(anonymous_8)
FN:52,(anonymous_9)
FN:63,(anonymous_10)
FN:70,(anonymous_11)
FN:74,(anonymous_12)
FN:78,(anonymous_13)
FN:88,(anonymous_14)
FNF:14
FNH:12
FNDA:6,(anonymous_1)
FNDA:6,(anonymous_2)
FNDA:2,setup
FNDA:2,(anonymous_4)
FNDA:9,(anonymous_5)
FNDA:9,(anonymous_6)
FNDA:12,(anonymous_7)
FNDA:0,(anonymous_8)
FNDA:2,(anonymous_9)
FNDA:2,(anonymous_10)
FNDA:0,(anonymous_11)
FNDA:3,(anonymous_12)
FNDA:2,(anonymous_13)
FNDA:2,(anonymous_14)
DA:1,1
DA:3,1
DA:4,6
DA:5,6
DA:7,6
DA:8,6
DA:9,0
DA:12,6
DA:13,6
DA:14,4
DA:16,2
DA:20,1
DA:21,2
DA:22,2
DA:23,2
DA:24,2
DA:25,2
DA:26,4
DA:32,6
DA:35,9
DA:36,9
DA:37,9
DA:38,12
DA:39,9
DA:40,9
DA:46,6
DA:47,0
DA:48,0
DA:52,1
DA:53,2
DA:54,2
DA:57,2
DA:58,2
DA:60,2
DA:64,2
DA:65,0
DA:70,1
DA:71,0
DA:74,1
DA:75,3
DA:76,3
DA:77,3
DA:78,3
DA:79,2
DA:80,2
DA:81,0
DA:83,2
DA:88,1
DA:89,2
DA:92,1
LF:50
LH:44
BRDA:8,1,0,0
BRDA:8,1,1,6
BRDA:9,2,0,0
BRDA:9,2,1,0
BRDA:13,3,0,4
BRDA:13,3,1,2
BRDA:38,4,0,9
BRDA:38,4,1,0
BRDA:64,5,0,0
BRDA:64,5,1,2
BRDA:75,6,0,3
BRDA:75,6,1,0
BRDA:76,7,0,3
BRDA:76,7,1,1
BRDA:79,8,0,2
BRDA:79,8,1,0
BRDA:80,9,0,0
BRDA:80,9,1,2
BRF:18
BRH:10
end_of_record
